Determining if the Q_WS_WIN exist failed with the following output:
Change Dir: /fs02/share/users/alperen.aydin/home/TP_math/maj/AnalyseNumerique/EDO_EDP/01_eigen/04_curve_fitting_qt_parametric/CMakeFiles/CMakeTmp

Run Build Command:/usr/bin/make "cmTryCompileExec635311750/fast"
/usr/bin/make -f CMakeFiles/cmTryCompileExec635311750.dir/build.make CMakeFiles/cmTryCompileExec635311750.dir/build
make[1]: entrant dans le répertoire « /fs02/share/users/alperen.aydin/home/TP_math/maj/AnalyseNumerique/EDO_EDP/01_eigen/04_curve_fitting_qt_parametric/CMakeFiles/CMakeTmp »
/usr/bin/cmake -E cmake_progress_report /fs02/share/users/alperen.aydin/home/TP_math/maj/AnalyseNumerique/EDO_EDP/01_eigen/04_curve_fitting_qt_parametric/CMakeFiles/CMakeTmp/CMakeFiles 1
Building CXX object CMakeFiles/cmTryCompileExec635311750.dir/CheckSymbolExists.cxx.o
/usr/bin/c++    -Wall -Wextra -O2 -std=c++11 -Wno-deprecated-declarations  -I/usr/include/qt4    -o CMakeFiles/cmTryCompileExec635311750.dir/CheckSymbolExists.cxx.o -c /fs02/share/users/alperen.aydin/home/TP_math/maj/AnalyseNumerique/EDO_EDP/01_eigen/04_curve_fitting_qt_parametric/CMakeFiles/CMakeTmp/CheckSymbolExists.cxx
/fs02/share/users/alperen.aydin/home/TP_math/maj/AnalyseNumerique/EDO_EDP/01_eigen/04_curve_fitting_qt_parametric/CMakeFiles/CMakeTmp/CheckSymbolExists.cxx: In function ‘int main(int, char**)’:
/fs02/share/users/alperen.aydin/home/TP_math/maj/AnalyseNumerique/EDO_EDP/01_eigen/04_curve_fitting_qt_parametric/CMakeFiles/CMakeTmp/CheckSymbolExists.cxx:8:19: error: ‘Q_WS_WIN’ was not declared in this scope
   return ((int*)(&Q_WS_WIN))[argc];
                   ^
make[1]: *** [CMakeFiles/cmTryCompileExec635311750.dir/CheckSymbolExists.cxx.o] Erreur 1
make[1]: quittant le répertoire « /fs02/share/users/alperen.aydin/home/TP_math/maj/AnalyseNumerique/EDO_EDP/01_eigen/04_curve_fitting_qt_parametric/CMakeFiles/CMakeTmp »
make: *** [cmTryCompileExec635311750/fast] Erreur 2

File /fs02/share/users/alperen.aydin/home/TP_math/maj/AnalyseNumerique/EDO_EDP/01_eigen/04_curve_fitting_qt_parametric/CMakeFiles/CMakeTmp/CheckSymbolExists.cxx:
/* */
#include <QtCore/qglobal.h>

int main(int argc, char** argv)
{
  (void)argv;
#ifndef Q_WS_WIN
  return ((int*)(&Q_WS_WIN))[argc];
#else
  (void)argc;
  return 0;
#endif
}

Determining if the Q_WS_QWS exist failed with the following output:
Change Dir: /fs02/share/users/alperen.aydin/home/TP_math/maj/AnalyseNumerique/EDO_EDP/01_eigen/04_curve_fitting_qt_parametric/CMakeFiles/CMakeTmp

Run Build Command:/usr/bin/make "cmTryCompileExec2565769899/fast"
/usr/bin/make -f CMakeFiles/cmTryCompileExec2565769899.dir/build.make CMakeFiles/cmTryCompileExec2565769899.dir/build
make[1]: entrant dans le répertoire « /fs02/share/users/alperen.aydin/home/TP_math/maj/AnalyseNumerique/EDO_EDP/01_eigen/04_curve_fitting_qt_parametric/CMakeFiles/CMakeTmp »
/usr/bin/cmake -E cmake_progress_report /fs02/share/users/alperen.aydin/home/TP_math/maj/AnalyseNumerique/EDO_EDP/01_eigen/04_curve_fitting_qt_parametric/CMakeFiles/CMakeTmp/CMakeFiles 1
Building CXX object CMakeFiles/cmTryCompileExec2565769899.dir/CheckSymbolExists.cxx.o
/usr/bin/c++    -Wall -Wextra -O2 -std=c++11 -Wno-deprecated-declarations  -I/usr/include/qt4    -o CMakeFiles/cmTryCompileExec2565769899.dir/CheckSymbolExists.cxx.o -c /fs02/share/users/alperen.aydin/home/TP_math/maj/AnalyseNumerique/EDO_EDP/01_eigen/04_curve_fitting_qt_parametric/CMakeFiles/CMakeTmp/CheckSymbolExists.cxx
/fs02/share/users/alperen.aydin/home/TP_math/maj/AnalyseNumerique/EDO_EDP/01_eigen/04_curve_fitting_qt_parametric/CMakeFiles/CMakeTmp/CheckSymbolExists.cxx: In function ‘int main(int, char**)’:
/fs02/share/users/alperen.aydin/home/TP_math/maj/AnalyseNumerique/EDO_EDP/01_eigen/04_curve_fitting_qt_parametric/CMakeFiles/CMakeTmp/CheckSymbolExists.cxx:8:19: error: ‘Q_WS_QWS’ was not declared in this scope
   return ((int*)(&Q_WS_QWS))[argc];
                   ^
make[1]: *** [CMakeFiles/cmTryCompileExec2565769899.dir/CheckSymbolExists.cxx.o] Erreur 1
make[1]: quittant le répertoire « /fs02/share/users/alperen.aydin/home/TP_math/maj/AnalyseNumerique/EDO_EDP/01_eigen/04_curve_fitting_qt_parametric/CMakeFiles/CMakeTmp »
make: *** [cmTryCompileExec2565769899/fast] Erreur 2

File /fs02/share/users/alperen.aydin/home/TP_math/maj/AnalyseNumerique/EDO_EDP/01_eigen/04_curve_fitting_qt_parametric/CMakeFiles/CMakeTmp/CheckSymbolExists.cxx:
/* */
#include <QtCore/qglobal.h>

int main(int argc, char** argv)
{
  (void)argv;
#ifndef Q_WS_QWS
  return ((int*)(&Q_WS_QWS))[argc];
#else
  (void)argc;
  return 0;
#endif
}

Determining if the Q_WS_MAC exist failed with the following output:
Change Dir: /fs02/share/users/alperen.aydin/home/TP_math/maj/AnalyseNumerique/EDO_EDP/01_eigen/04_curve_fitting_qt_parametric/CMakeFiles/CMakeTmp

Run Build Command:/usr/bin/make "cmTryCompileExec878395407/fast"
/usr/bin/make -f CMakeFiles/cmTryCompileExec878395407.dir/build.make CMakeFiles/cmTryCompileExec878395407.dir/build
make[1]: entrant dans le répertoire « /fs02/share/users/alperen.aydin/home/TP_math/maj/AnalyseNumerique/EDO_EDP/01_eigen/04_curve_fitting_qt_parametric/CMakeFiles/CMakeTmp »
/usr/bin/cmake -E cmake_progress_report /fs02/share/users/alperen.aydin/home/TP_math/maj/AnalyseNumerique/EDO_EDP/01_eigen/04_curve_fitting_qt_parametric/CMakeFiles/CMakeTmp/CMakeFiles 1
Building CXX object CMakeFiles/cmTryCompileExec878395407.dir/CheckSymbolExists.cxx.o
/usr/bin/c++    -Wall -Wextra -O2 -std=c++11 -Wno-deprecated-declarations  -I/usr/include/qt4    -o CMakeFiles/cmTryCompileExec878395407.dir/CheckSymbolExists.cxx.o -c /fs02/share/users/alperen.aydin/home/TP_math/maj/AnalyseNumerique/EDO_EDP/01_eigen/04_curve_fitting_qt_parametric/CMakeFiles/CMakeTmp/CheckSymbolExists.cxx
/fs02/share/users/alperen.aydin/home/TP_math/maj/AnalyseNumerique/EDO_EDP/01_eigen/04_curve_fitting_qt_parametric/CMakeFiles/CMakeTmp/CheckSymbolExists.cxx: In function ‘int main(int, char**)’:
/fs02/share/users/alperen.aydin/home/TP_math/maj/AnalyseNumerique/EDO_EDP/01_eigen/04_curve_fitting_qt_parametric/CMakeFiles/CMakeTmp/CheckSymbolExists.cxx:8:19: error: ‘Q_WS_MAC’ was not declared in this scope
   return ((int*)(&Q_WS_MAC))[argc];
                   ^
make[1]: *** [CMakeFiles/cmTryCompileExec878395407.dir/CheckSymbolExists.cxx.o] Erreur 1
make[1]: quittant le répertoire « /fs02/share/users/alperen.aydin/home/TP_math/maj/AnalyseNumerique/EDO_EDP/01_eigen/04_curve_fitting_qt_parametric/CMakeFiles/CMakeTmp »
make: *** [cmTryCompileExec878395407/fast] Erreur 2

File /fs02/share/users/alperen.aydin/home/TP_math/maj/AnalyseNumerique/EDO_EDP/01_eigen/04_curve_fitting_qt_parametric/CMakeFiles/CMakeTmp/CheckSymbolExists.cxx:
/* */
#include <QtCore/qglobal.h>

int main(int argc, char** argv)
{
  (void)argv;
#ifndef Q_WS_MAC
  return ((int*)(&Q_WS_MAC))[argc];
#else
  (void)argc;
  return 0;
#endif
}

Determining if the Q_WS_WIN exist failed with the following output:
Change Dir: /fs02/share/users/alperen.aydin/home/TP_math/maj/AnalyseNumerique/EDO_EDP/01_eigen/04_curve_fitting_qt_parametric/CMakeFiles/CMakeTmp

Run Build Command:/usr/bin/make "cmTryCompileExec1138871137/fast"
/usr/bin/make -f CMakeFiles/cmTryCompileExec1138871137.dir/build.make CMakeFiles/cmTryCompileExec1138871137.dir/build
make[1]: entrant dans le répertoire « /fs02/share/users/alperen.aydin/home/TP_math/maj/AnalyseNumerique/EDO_EDP/01_eigen/04_curve_fitting_qt_parametric/CMakeFiles/CMakeTmp »
/usr/bin/cmake -E cmake_progress_report /fs02/share/users/alperen.aydin/home/TP_math/maj/AnalyseNumerique/EDO_EDP/01_eigen/04_curve_fitting_qt_parametric/CMakeFiles/CMakeTmp/CMakeFiles 1
Building CXX object CMakeFiles/cmTryCompileExec1138871137.dir/CheckSymbolExists.cxx.o
/usr/bin/c++    -Wall -Wextra -O2 -std=c++11 -Wno-deprecated-declarations  -I/usr/include/qt4    -o CMakeFiles/cmTryCompileExec1138871137.dir/CheckSymbolExists.cxx.o -c /fs02/share/users/alperen.aydin/home/TP_math/maj/AnalyseNumerique/EDO_EDP/01_eigen/04_curve_fitting_qt_parametric/CMakeFiles/CMakeTmp/CheckSymbolExists.cxx
/fs02/share/users/alperen.aydin/home/TP_math/maj/AnalyseNumerique/EDO_EDP/01_eigen/04_curve_fitting_qt_parametric/CMakeFiles/CMakeTmp/CheckSymbolExists.cxx: In function ‘int main(int, char**)’:
/fs02/share/users/alperen.aydin/home/TP_math/maj/AnalyseNumerique/EDO_EDP/01_eigen/04_curve_fitting_qt_parametric/CMakeFiles/CMakeTmp/CheckSymbolExists.cxx:8:19: error: ‘Q_WS_WIN’ was not declared in this scope
   return ((int*)(&Q_WS_WIN))[argc];
                   ^
make[1]: *** [CMakeFiles/cmTryCompileExec1138871137.dir/CheckSymbolExists.cxx.o] Erreur 1
make[1]: quittant le répertoire « /fs02/share/users/alperen.aydin/home/TP_math/maj/AnalyseNumerique/EDO_EDP/01_eigen/04_curve_fitting_qt_parametric/CMakeFiles/CMakeTmp »
make: *** [cmTryCompileExec1138871137/fast] Erreur 2

File /fs02/share/users/alperen.aydin/home/TP_math/maj/AnalyseNumerique/EDO_EDP/01_eigen/04_curve_fitting_qt_parametric/CMakeFiles/CMakeTmp/CheckSymbolExists.cxx:
/* */
#include <QtCore/qglobal.h>

int main(int argc, char** argv)
{
  (void)argv;
#ifndef Q_WS_WIN
  return ((int*)(&Q_WS_WIN))[argc];
#else
  (void)argc;
  return 0;
#endif
}

Determining if the Q_WS_QWS exist failed with the following output:
Change Dir: /fs02/share/users/alperen.aydin/home/TP_math/maj/AnalyseNumerique/EDO_EDP/01_eigen/04_curve_fitting_qt_parametric/CMakeFiles/CMakeTmp

Run Build Command:/usr/bin/make "cmTryCompileExec3264866700/fast"
/usr/bin/make -f CMakeFiles/cmTryCompileExec3264866700.dir/build.make CMakeFiles/cmTryCompileExec3264866700.dir/build
make[1]: entrant dans le répertoire « /fs02/share/users/alperen.aydin/home/TP_math/maj/AnalyseNumerique/EDO_EDP/01_eigen/04_curve_fitting_qt_parametric/CMakeFiles/CMakeTmp »
/usr/bin/cmake -E cmake_progress_report /fs02/share/users/alperen.aydin/home/TP_math/maj/AnalyseNumerique/EDO_EDP/01_eigen/04_curve_fitting_qt_parametric/CMakeFiles/CMakeTmp/CMakeFiles 1
Building CXX object CMakeFiles/cmTryCompileExec3264866700.dir/CheckSymbolExists.cxx.o
/usr/bin/c++    -Wall -Wextra -O2 -std=c++11 -Wno-deprecated-declarations  -I/usr/include/qt4    -o CMakeFiles/cmTryCompileExec3264866700.dir/CheckSymbolExists.cxx.o -c /fs02/share/users/alperen.aydin/home/TP_math/maj/AnalyseNumerique/EDO_EDP/01_eigen/04_curve_fitting_qt_parametric/CMakeFiles/CMakeTmp/CheckSymbolExists.cxx
/fs02/share/users/alperen.aydin/home/TP_math/maj/AnalyseNumerique/EDO_EDP/01_eigen/04_curve_fitting_qt_parametric/CMakeFiles/CMakeTmp/CheckSymbolExists.cxx: In function ‘int main(int, char**)’:
/fs02/share/users/alperen.aydin/home/TP_math/maj/AnalyseNumerique/EDO_EDP/01_eigen/04_curve_fitting_qt_parametric/CMakeFiles/CMakeTmp/CheckSymbolExists.cxx:8:19: error: ‘Q_WS_QWS’ was not declared in this scope
   return ((int*)(&Q_WS_QWS))[argc];
                   ^
make[1]: *** [CMakeFiles/cmTryCompileExec3264866700.dir/CheckSymbolExists.cxx.o] Erreur 1
make[1]: quittant le répertoire « /fs02/share/users/alperen.aydin/home/TP_math/maj/AnalyseNumerique/EDO_EDP/01_eigen/04_curve_fitting_qt_parametric/CMakeFiles/CMakeTmp »
make: *** [cmTryCompileExec3264866700/fast] Erreur 2

File /fs02/share/users/alperen.aydin/home/TP_math/maj/AnalyseNumerique/EDO_EDP/01_eigen/04_curve_fitting_qt_parametric/CMakeFiles/CMakeTmp/CheckSymbolExists.cxx:
/* */
#include <QtCore/qglobal.h>

int main(int argc, char** argv)
{
  (void)argv;
#ifndef Q_WS_QWS
  return ((int*)(&Q_WS_QWS))[argc];
#else
  (void)argc;
  return 0;
#endif
}

Determining if the Q_WS_MAC exist failed with the following output:
Change Dir: /fs02/share/users/alperen.aydin/home/TP_math/maj/AnalyseNumerique/EDO_EDP/01_eigen/04_curve_fitting_qt_parametric/CMakeFiles/CMakeTmp

Run Build Command:/usr/bin/make "cmTryCompileExec2022330575/fast"
/usr/bin/make -f CMakeFiles/cmTryCompileExec2022330575.dir/build.make CMakeFiles/cmTryCompileExec2022330575.dir/build
make[1]: entrant dans le répertoire « /fs02/share/users/alperen.aydin/home/TP_math/maj/AnalyseNumerique/EDO_EDP/01_eigen/04_curve_fitting_qt_parametric/CMakeFiles/CMakeTmp »
/usr/bin/cmake -E cmake_progress_report /fs02/share/users/alperen.aydin/home/TP_math/maj/AnalyseNumerique/EDO_EDP/01_eigen/04_curve_fitting_qt_parametric/CMakeFiles/CMakeTmp/CMakeFiles 1
Building CXX object CMakeFiles/cmTryCompileExec2022330575.dir/CheckSymbolExists.cxx.o
/usr/bin/c++    -Wall -Wextra -O2 -std=c++11 -Wno-deprecated-declarations  -I/usr/include/qt4    -o CMakeFiles/cmTryCompileExec2022330575.dir/CheckSymbolExists.cxx.o -c /fs02/share/users/alperen.aydin/home/TP_math/maj/AnalyseNumerique/EDO_EDP/01_eigen/04_curve_fitting_qt_parametric/CMakeFiles/CMakeTmp/CheckSymbolExists.cxx
/fs02/share/users/alperen.aydin/home/TP_math/maj/AnalyseNumerique/EDO_EDP/01_eigen/04_curve_fitting_qt_parametric/CMakeFiles/CMakeTmp/CheckSymbolExists.cxx: In function ‘int main(int, char**)’:
/fs02/share/users/alperen.aydin/home/TP_math/maj/AnalyseNumerique/EDO_EDP/01_eigen/04_curve_fitting_qt_parametric/CMakeFiles/CMakeTmp/CheckSymbolExists.cxx:8:19: error: ‘Q_WS_MAC’ was not declared in this scope
   return ((int*)(&Q_WS_MAC))[argc];
                   ^
make[1]: *** [CMakeFiles/cmTryCompileExec2022330575.dir/CheckSymbolExists.cxx.o] Erreur 1
make[1]: quittant le répertoire « /fs02/share/users/alperen.aydin/home/TP_math/maj/AnalyseNumerique/EDO_EDP/01_eigen/04_curve_fitting_qt_parametric/CMakeFiles/CMakeTmp »
make: *** [cmTryCompileExec2022330575/fast] Erreur 2

File /fs02/share/users/alperen.aydin/home/TP_math/maj/AnalyseNumerique/EDO_EDP/01_eigen/04_curve_fitting_qt_parametric/CMakeFiles/CMakeTmp/CheckSymbolExists.cxx:
/* */
#include <QtCore/qglobal.h>

int main(int argc, char** argv)
{
  (void)argv;
#ifndef Q_WS_MAC
  return ((int*)(&Q_WS_MAC))[argc];
#else
  (void)argc;
  return 0;
#endif
}

